Analysis & Synthesis report for path_planner
Tue Nov 15 03:20:29 2022
Quartus Prime Version 19.1.0 Build 670 09/22/2019 SJ Lite Edition


---------------------
; Table of Contents ;
---------------------
  1. Legal Notice
  2. Analysis & Synthesis Summary
  3. Analysis & Synthesis Settings
  4. Parallel Compilation
  5. Analysis & Synthesis Source Files Read
  6. Analysis & Synthesis Resource Usage Summary
  7. Analysis & Synthesis Resource Utilization by Entity
  8. Analysis & Synthesis RAM Summary
  9. Registers Removed During Synthesis
 10. General Register Statistics
 11. Inverted Register Statistics
 12. Registers Added for RAM Pass-Through Logic
 13. Multiplexer Restructuring Statistics (Restructuring Performed)
 14. Source assignments for altsyncram:parent_rtl_0|altsyncram_ksg1:auto_generated
 15. Parameter Settings for User Entity Instance: Top-level Entity: |path_planner
 16. Parameter Settings for Inferred Entity Instance: altsyncram:parent_rtl_0
 17. altsyncram Parameter Settings by Entity Instance
 18. Post-Synthesis Netlist Statistics for Top Partition
 19. Elapsed Time Per Partition
 20. Analysis & Synthesis Messages



----------------
; Legal Notice ;
----------------
Copyright (C) 2019  Intel Corporation. All rights reserved.
Your use of Intel Corporation's design tools, logic functions 
and other software and tools, and any partner logic 
functions, and any output files from any of the foregoing 
(including device programming or simulation files), and any 
associated documentation or information are expressly subject 
to the terms and conditions of the Intel Program License 
Subscription Agreement, the Intel Quartus Prime License Agreement,
the Intel FPGA IP License Agreement, or other applicable license
agreement, including, without limitation, that your use is for
the sole purpose of programming logic devices manufactured by
Intel and sold by Intel or its authorized distributors.  Please
refer to the applicable agreement for further details, at
https://fpgasoftware.intel.com/eula.



+----------------------------------------------------------------------------------+
; Analysis & Synthesis Summary                                                     ;
+------------------------------------+---------------------------------------------+
; Analysis & Synthesis Status        ; Successful - Tue Nov 15 03:20:29 2022       ;
; Quartus Prime Version              ; 19.1.0 Build 670 09/22/2019 SJ Lite Edition ;
; Revision Name                      ; path_planner                                ;
; Top-level Entity Name              ; path_planner                                ;
; Family                             ; Cyclone IV E                                ;
; Total logic elements               ; 3,492                                       ;
;     Total combinational functions  ; 2,551                                       ;
;     Dedicated logic registers      ; 1,269                                       ;
; Total registers                    ; 1269                                        ;
; Total pins                         ; 63                                          ;
; Total virtual pins                 ; 0                                           ;
; Total memory bits                  ; 832                                         ;
; Embedded Multiplier 9-bit elements ; 0                                           ;
; Total PLLs                         ; 0                                           ;
+------------------------------------+---------------------------------------------+


+------------------------------------------------------------------------------------------------------------+
; Analysis & Synthesis Settings                                                                              ;
+------------------------------------------------------------------+--------------------+--------------------+
; Option                                                           ; Setting            ; Default Value      ;
+------------------------------------------------------------------+--------------------+--------------------+
; Device                                                           ; EP4CE22F17C6       ;                    ;
; Top-level entity name                                            ; path_planner       ; path_planner       ;
; Family name                                                      ; Cyclone IV E       ; Cyclone V          ;
; Use smart compilation                                            ; Off                ; Off                ;
; Enable parallel Assembler and Timing Analyzer during compilation ; On                 ; On                 ;
; Enable compact report table                                      ; Off                ; Off                ;
; Restructure Multiplexers                                         ; Auto               ; Auto               ;
; Create Debugging Nodes for IP Cores                              ; Off                ; Off                ;
; Preserve fewer node names                                        ; On                 ; On                 ;
; Intel FPGA IP Evaluation Mode                                    ; Enable             ; Enable             ;
; Verilog Version                                                  ; Verilog_2001       ; Verilog_2001       ;
; VHDL Version                                                     ; VHDL_1993          ; VHDL_1993          ;
; State Machine Processing                                         ; Auto               ; Auto               ;
; Safe State Machine                                               ; Off                ; Off                ;
; Extract Verilog State Machines                                   ; On                 ; On                 ;
; Extract VHDL State Machines                                      ; On                 ; On                 ;
; Ignore Verilog initial constructs                                ; Off                ; Off                ;
; Iteration limit for constant Verilog loops                       ; 5000               ; 5000               ;
; Iteration limit for non-constant Verilog loops                   ; 250                ; 250                ;
; Add Pass-Through Logic to Inferred RAMs                          ; On                 ; On                 ;
; Infer RAMs from Raw Logic                                        ; On                 ; On                 ;
; Parallel Synthesis                                               ; On                 ; On                 ;
; DSP Block Balancing                                              ; Auto               ; Auto               ;
; NOT Gate Push-Back                                               ; On                 ; On                 ;
; Power-Up Don't Care                                              ; On                 ; On                 ;
; Remove Redundant Logic Cells                                     ; Off                ; Off                ;
; Remove Duplicate Registers                                       ; On                 ; On                 ;
; Ignore CARRY Buffers                                             ; Off                ; Off                ;
; Ignore CASCADE Buffers                                           ; Off                ; Off                ;
; Ignore GLOBAL Buffers                                            ; Off                ; Off                ;
; Ignore ROW GLOBAL Buffers                                        ; Off                ; Off                ;
; Ignore LCELL Buffers                                             ; Off                ; Off                ;
; Ignore SOFT Buffers                                              ; On                 ; On                 ;
; Limit AHDL Integers to 32 Bits                                   ; Off                ; Off                ;
; Optimization Technique                                           ; Balanced           ; Balanced           ;
; Carry Chain Length                                               ; 70                 ; 70                 ;
; Auto Carry Chains                                                ; On                 ; On                 ;
; Auto Open-Drain Pins                                             ; On                 ; On                 ;
; Perform WYSIWYG Primitive Resynthesis                            ; Off                ; Off                ;
; Auto ROM Replacement                                             ; On                 ; On                 ;
; Auto RAM Replacement                                             ; On                 ; On                 ;
; Auto DSP Block Replacement                                       ; On                 ; On                 ;
; Auto Shift Register Replacement                                  ; Auto               ; Auto               ;
; Allow Shift Register Merging across Hierarchies                  ; Auto               ; Auto               ;
; Auto Clock Enable Replacement                                    ; On                 ; On                 ;
; Strict RAM Replacement                                           ; Off                ; Off                ;
; Allow Synchronous Control Signals                                ; On                 ; On                 ;
; Force Use of Synchronous Clear Signals                           ; Off                ; Off                ;
; Auto RAM Block Balancing                                         ; On                 ; On                 ;
; Auto RAM to Logic Cell Conversion                                ; Off                ; Off                ;
; Auto Resource Sharing                                            ; Off                ; Off                ;
; Allow Any RAM Size For Recognition                               ; Off                ; Off                ;
; Allow Any ROM Size For Recognition                               ; Off                ; Off                ;
; Allow Any Shift Register Size For Recognition                    ; Off                ; Off                ;
; Use LogicLock Constraints during Resource Balancing              ; On                 ; On                 ;
; Ignore translate_off and synthesis_off directives                ; Off                ; Off                ;
; Timing-Driven Synthesis                                          ; On                 ; On                 ;
; Report Parameter Settings                                        ; On                 ; On                 ;
; Report Source Assignments                                        ; On                 ; On                 ;
; Report Connectivity Checks                                       ; On                 ; On                 ;
; Ignore Maximum Fan-Out Assignments                               ; Off                ; Off                ;
; Synchronization Register Chain Length                            ; 2                  ; 2                  ;
; Power Optimization During Synthesis                              ; Normal compilation ; Normal compilation ;
; HDL message level                                                ; Level2             ; Level2             ;
; Suppress Register Optimization Related Messages                  ; Off                ; Off                ;
; Number of Removed Registers Reported in Synthesis Report         ; 5000               ; 5000               ;
; Number of Swept Nodes Reported in Synthesis Report               ; 5000               ; 5000               ;
; Number of Inverted Registers Reported in Synthesis Report        ; 100                ; 100                ;
; Clock MUX Protection                                             ; On                 ; On                 ;
; Auto Gated Clock Conversion                                      ; Off                ; Off                ;
; Block Design Naming                                              ; Auto               ; Auto               ;
; SDC constraint protection                                        ; Off                ; Off                ;
; Synthesis Effort                                                 ; Auto               ; Auto               ;
; Shift Register Replacement - Allow Asynchronous Clear Signal     ; On                 ; On                 ;
; Pre-Mapping Resynthesis Optimization                             ; Off                ; Off                ;
; Analysis & Synthesis Message Level                               ; Medium             ; Medium             ;
; Disable Register Merging Across Hierarchies                      ; Auto               ; Auto               ;
; Resource Aware Inference For Block RAM                           ; On                 ; On                 ;
+------------------------------------------------------------------+--------------------+--------------------+


+------------------------------------------+
; Parallel Compilation                     ;
+----------------------------+-------------+
; Processors                 ; Number      ;
+----------------------------+-------------+
; Number detected on machine ; 8           ;
; Maximum allowed            ; 4           ;
;                            ;             ;
; Average used               ; 1.00        ;
; Maximum used               ; 4           ;
;                            ;             ;
; Usage by Processor         ; % Time Used ;
;     Processor 1            ; 100.0%      ;
;     Processor 2            ;   0.1%      ;
;     Processor 3            ;   0.1%      ;
;     Processor 4            ;   0.1%      ;
+----------------------------+-------------+


+----------------------------------------------------------------------------------------------------------------------------------------------------------------------------+
; Analysis & Synthesis Source Files Read                                                                                                                                     ;
+----------------------------------+-----------------+------------------------------+------------------------------------------------------------------------------+---------+
; File Name with User-Entered Path ; Used in Netlist ; File Type                    ; File Name with Absolute Path                                                 ; Library ;
+----------------------------------+-----------------+------------------------------+------------------------------------------------------------------------------+---------+
; path_planner.v                   ; yes             ; User Verilog HDL File        ; E:/submission/path_planner/path_planner.v                                    ;         ;
; altsyncram.tdf                   ; yes             ; Megafunction                 ; c:/intelfpga_lite/19.1/quartus/libraries/megafunctions/altsyncram.tdf        ;         ;
; stratix_ram_block.inc            ; yes             ; Megafunction                 ; c:/intelfpga_lite/19.1/quartus/libraries/megafunctions/stratix_ram_block.inc ;         ;
; lpm_mux.inc                      ; yes             ; Megafunction                 ; c:/intelfpga_lite/19.1/quartus/libraries/megafunctions/lpm_mux.inc           ;         ;
; lpm_decode.inc                   ; yes             ; Megafunction                 ; c:/intelfpga_lite/19.1/quartus/libraries/megafunctions/lpm_decode.inc        ;         ;
; aglobal191.inc                   ; yes             ; Megafunction                 ; c:/intelfpga_lite/19.1/quartus/libraries/megafunctions/aglobal191.inc        ;         ;
; a_rdenreg.inc                    ; yes             ; Megafunction                 ; c:/intelfpga_lite/19.1/quartus/libraries/megafunctions/a_rdenreg.inc         ;         ;
; altrom.inc                       ; yes             ; Megafunction                 ; c:/intelfpga_lite/19.1/quartus/libraries/megafunctions/altrom.inc            ;         ;
; altram.inc                       ; yes             ; Megafunction                 ; c:/intelfpga_lite/19.1/quartus/libraries/megafunctions/altram.inc            ;         ;
; altdpram.inc                     ; yes             ; Megafunction                 ; c:/intelfpga_lite/19.1/quartus/libraries/megafunctions/altdpram.inc          ;         ;
; db/altsyncram_ksg1.tdf           ; yes             ; Auto-Generated Megafunction  ; E:/submission/path_planner/db/altsyncram_ksg1.tdf                            ;         ;
+----------------------------------+-----------------+------------------------------+------------------------------------------------------------------------------+---------+


+---------------------------------------------------------+
; Analysis & Synthesis Resource Usage Summary             ;
+---------------------------------------------+-----------+
; Resource                                    ; Usage     ;
+---------------------------------------------+-----------+
; Estimated Total logic elements              ; 3,492     ;
;                                             ;           ;
; Total combinational functions               ; 2551      ;
; Logic element usage by number of LUT inputs ;           ;
;     -- 4 input functions                    ; 2027      ;
;     -- 3 input functions                    ; 425       ;
;     -- <=2 input functions                  ; 99        ;
;                                             ;           ;
; Logic elements by mode                      ;           ;
;     -- normal mode                          ; 2276      ;
;     -- arithmetic mode                      ; 275       ;
;                                             ;           ;
; Total registers                             ; 1269      ;
;     -- Dedicated logic registers            ; 1269      ;
;     -- I/O registers                        ; 0         ;
;                                             ;           ;
; I/O pins                                    ; 63        ;
; Total memory bits                           ; 832       ;
;                                             ;           ;
; Embedded Multiplier 9-bit elements          ; 0         ;
;                                             ;           ;
; Maximum fan-out node                        ; clk~input ;
; Maximum fan-out                             ; 1301      ;
; Total fan-out                               ; 13885     ;
; Average fan-out                             ; 3.49      ;
+---------------------------------------------+-----------+


+---------------------------------------------------------------------------------------------------------------------------------------------------------------------------------------------------------------------------------------------------------------------------+
; Analysis & Synthesis Resource Utilization by Entity                                                                                                                                                                                                                       ;
+----------------------------------------+---------------------+---------------------------+-------------+--------------+---------+-----------+------+--------------+----------------------------------------------------------------------+-----------------+--------------+
; Compilation Hierarchy Node             ; Combinational ALUTs ; Dedicated Logic Registers ; Memory Bits ; DSP Elements ; DSP 9x9 ; DSP 18x18 ; Pins ; Virtual Pins ; Full Hierarchy Name                                                  ; Entity Name     ; Library Name ;
+----------------------------------------+---------------------+---------------------------+-------------+--------------+---------+-----------+------+--------------+----------------------------------------------------------------------+-----------------+--------------+
; |path_planner                          ; 2551 (2551)         ; 1269 (1269)               ; 832         ; 0            ; 0       ; 0         ; 63   ; 0            ; |path_planner                                                        ; path_planner    ; work         ;
;    |altsyncram:parent_rtl_0|           ; 0 (0)               ; 0 (0)                     ; 832         ; 0            ; 0       ; 0         ; 0    ; 0            ; |path_planner|altsyncram:parent_rtl_0                                ; altsyncram      ; work         ;
;       |altsyncram_ksg1:auto_generated| ; 0 (0)               ; 0 (0)                     ; 832         ; 0            ; 0       ; 0         ; 0    ; 0            ; |path_planner|altsyncram:parent_rtl_0|altsyncram_ksg1:auto_generated ; altsyncram_ksg1 ; work         ;
+----------------------------------------+---------------------+---------------------------+-------------+--------------+---------+-----------+------+--------------+----------------------------------------------------------------------+-----------------+--------------+
Note: For table entries with two numbers listed, the numbers in parentheses indicate the number of resources of the given type used by the specific entity alone. The numbers listed outside of parentheses indicate the total resources of the given type used by the specific entity and all of its sub-entities in the hierarchy.


+-----------------------------------------------------------------------------------------------------------------------------------------------------------------------+
; Analysis & Synthesis RAM Summary                                                                                                                                      ;
+-------------------------------------------------------------------+------+------------------+--------------+--------------+--------------+--------------+------+------+
; Name                                                              ; Type ; Mode             ; Port A Depth ; Port A Width ; Port B Depth ; Port B Width ; Size ; MIF  ;
+-------------------------------------------------------------------+------+------------------+--------------+--------------+--------------+--------------+------+------+
; altsyncram:parent_rtl_0|altsyncram_ksg1:auto_generated|ALTSYNCRAM ; AUTO ; Simple Dual Port ; 26           ; 32           ; 26           ; 32           ; 832  ; None ;
+-------------------------------------------------------------------+------+------------------+--------------+--------------+--------------+--------------+------+------+


+----------------------------------------------------------------------------------+
; Registers Removed During Synthesis                                               ;
+-----------------------------------------+----------------------------------------+
; Register name                           ; Reason for Removal                     ;
+-----------------------------------------+----------------------------------------+
; sn[5..31]                               ; Stuck at GND due to stuck port data_in ;
; ostate[2..9,11..31]                     ; Merged with ostate[10]                 ;
; state[3..9,11..31]                      ; Merged with state[10]                  ;
; mm[1..9,11..31]                         ; Merged with mm[10]                     ;
; ostate[10]                              ; Stuck at GND due to stuck port data_in ;
; mm[10]                                  ; Stuck at GND due to stuck port data_in ;
; state[10]                               ; Stuck at GND due to stuck port data_in ;
; Total Number of Removed Registers = 117 ;                                        ;
+-----------------------------------------+----------------------------------------+


+------------------------------------------------------+
; General Register Statistics                          ;
+----------------------------------------------+-------+
; Statistic                                    ; Value ;
+----------------------------------------------+-------+
; Total registers                              ; 1269  ;
; Number of registers using Synchronous Clear  ; 59    ;
; Number of registers using Synchronous Load   ; 0     ;
; Number of registers using Asynchronous Clear ; 0     ;
; Number of registers using Asynchronous Load  ; 0     ;
; Number of registers using Clock Enable       ; 1184  ;
; Number of registers using Preset             ; 0     ;
+----------------------------------------------+-------+


+--------------------------------------------------+
; Inverted Register Statistics                     ;
+----------------------------------------+---------+
; Inverted Register                      ; Fan out ;
+----------------------------------------+---------+
; done~reg0                              ; 2       ;
; ostate[0]                              ; 12      ;
; state[0]                               ; 92      ;
; mm[0]                                  ; 5       ;
; mn[6]                                  ; 1       ;
; mn[5]                                  ; 1       ;
; mn[2]                                  ; 1       ;
; Total number of inverted registers = 7 ;         ;
+----------------------------------------+---------+


+--------------------------------------------+
; Registers Added for RAM Pass-Through Logic ;
+-------------------------+------------------+
; Register Name           ; RAM Name         ;
+-------------------------+------------------+
; parent_rtl_0_bypass[0]  ; parent_rtl_0     ;
; parent_rtl_0_bypass[1]  ; parent_rtl_0     ;
; parent_rtl_0_bypass[2]  ; parent_rtl_0     ;
; parent_rtl_0_bypass[3]  ; parent_rtl_0     ;
; parent_rtl_0_bypass[4]  ; parent_rtl_0     ;
; parent_rtl_0_bypass[5]  ; parent_rtl_0     ;
; parent_rtl_0_bypass[6]  ; parent_rtl_0     ;
; parent_rtl_0_bypass[7]  ; parent_rtl_0     ;
; parent_rtl_0_bypass[8]  ; parent_rtl_0     ;
; parent_rtl_0_bypass[9]  ; parent_rtl_0     ;
; parent_rtl_0_bypass[10] ; parent_rtl_0     ;
; parent_rtl_0_bypass[11] ; parent_rtl_0     ;
; parent_rtl_0_bypass[12] ; parent_rtl_0     ;
; parent_rtl_0_bypass[13] ; parent_rtl_0     ;
; parent_rtl_0_bypass[14] ; parent_rtl_0     ;
; parent_rtl_0_bypass[15] ; parent_rtl_0     ;
; parent_rtl_0_bypass[16] ; parent_rtl_0     ;
; parent_rtl_0_bypass[17] ; parent_rtl_0     ;
; parent_rtl_0_bypass[18] ; parent_rtl_0     ;
; parent_rtl_0_bypass[19] ; parent_rtl_0     ;
; parent_rtl_0_bypass[20] ; parent_rtl_0     ;
; parent_rtl_0_bypass[21] ; parent_rtl_0     ;
; parent_rtl_0_bypass[22] ; parent_rtl_0     ;
; parent_rtl_0_bypass[23] ; parent_rtl_0     ;
; parent_rtl_0_bypass[24] ; parent_rtl_0     ;
; parent_rtl_0_bypass[25] ; parent_rtl_0     ;
; parent_rtl_0_bypass[26] ; parent_rtl_0     ;
; parent_rtl_0_bypass[27] ; parent_rtl_0     ;
; parent_rtl_0_bypass[28] ; parent_rtl_0     ;
; parent_rtl_0_bypass[29] ; parent_rtl_0     ;
; parent_rtl_0_bypass[30] ; parent_rtl_0     ;
; parent_rtl_0_bypass[31] ; parent_rtl_0     ;
; parent_rtl_0_bypass[32] ; parent_rtl_0     ;
; parent_rtl_0_bypass[33] ; parent_rtl_0     ;
; parent_rtl_0_bypass[34] ; parent_rtl_0     ;
; parent_rtl_0_bypass[35] ; parent_rtl_0     ;
; parent_rtl_0_bypass[36] ; parent_rtl_0     ;
; parent_rtl_0_bypass[37] ; parent_rtl_0     ;
; parent_rtl_0_bypass[38] ; parent_rtl_0     ;
; parent_rtl_0_bypass[39] ; parent_rtl_0     ;
; parent_rtl_0_bypass[40] ; parent_rtl_0     ;
; parent_rtl_0_bypass[41] ; parent_rtl_0     ;
; parent_rtl_0_bypass[42] ; parent_rtl_0     ;
+-------------------------+------------------+


+------------------------------------------------------------------------------------------------------------------------------------------+
; Multiplexer Restructuring Statistics (Restructuring Performed)                                                                           ;
+--------------------+-----------+---------------+----------------------+------------------------+------------+----------------------------+
; Multiplexer Inputs ; Bus Width ; Baseline Area ; Area if Restructured ; Saving if Restructured ; Registered ; Example Multiplexer Output ;
+--------------------+-----------+---------------+----------------------+------------------------+------------+----------------------------+
; 5:1                ; 32 bits   ; 96 LEs        ; 32 LEs               ; 64 LEs                 ; Yes        ; |path_planner|m[18]        ;
; 5:1                ; 28 bits   ; 84 LEs        ; 28 LEs               ; 56 LEs                 ; Yes        ; |path_planner|d[0][17]     ;
; 5:1                ; 4 bits    ; 12 LEs        ; 4 LEs                ; 8 LEs                  ; Yes        ; |path_planner|d[0][1]      ;
; 5:1                ; 28 bits   ; 84 LEs        ; 28 LEs               ; 56 LEs                 ; Yes        ; |path_planner|d[1][27]     ;
; 5:1                ; 4 bits    ; 12 LEs        ; 4 LEs                ; 8 LEs                  ; Yes        ; |path_planner|d[1][4]      ;
; 5:1                ; 28 bits   ; 84 LEs        ; 28 LEs               ; 56 LEs                 ; Yes        ; |path_planner|d[2][30]     ;
; 5:1                ; 4 bits    ; 12 LEs        ; 4 LEs                ; 8 LEs                  ; Yes        ; |path_planner|d[2][3]      ;
; 5:1                ; 28 bits   ; 84 LEs        ; 28 LEs               ; 56 LEs                 ; Yes        ; |path_planner|d[3][5]      ;
; 5:1                ; 4 bits    ; 12 LEs        ; 4 LEs                ; 8 LEs                  ; Yes        ; |path_planner|d[3][1]      ;
; 5:1                ; 28 bits   ; 84 LEs        ; 28 LEs               ; 56 LEs                 ; Yes        ; |path_planner|d[4][21]     ;
; 5:1                ; 4 bits    ; 12 LEs        ; 4 LEs                ; 8 LEs                  ; Yes        ; |path_planner|d[4][1]      ;
; 5:1                ; 28 bits   ; 84 LEs        ; 28 LEs               ; 56 LEs                 ; Yes        ; |path_planner|d[5][5]      ;
; 5:1                ; 4 bits    ; 12 LEs        ; 4 LEs                ; 8 LEs                  ; Yes        ; |path_planner|d[5][3]      ;
; 5:1                ; 28 bits   ; 84 LEs        ; 28 LEs               ; 56 LEs                 ; Yes        ; |path_planner|d[6][21]     ;
; 5:1                ; 4 bits    ; 12 LEs        ; 4 LEs                ; 8 LEs                  ; Yes        ; |path_planner|d[6][3]      ;
; 5:1                ; 28 bits   ; 84 LEs        ; 28 LEs               ; 56 LEs                 ; Yes        ; |path_planner|d[7][24]     ;
; 5:1                ; 4 bits    ; 12 LEs        ; 4 LEs                ; 8 LEs                  ; Yes        ; |path_planner|d[7][1]      ;
; 5:1                ; 28 bits   ; 84 LEs        ; 28 LEs               ; 56 LEs                 ; Yes        ; |path_planner|d[8][16]     ;
; 5:1                ; 4 bits    ; 12 LEs        ; 4 LEs                ; 8 LEs                  ; Yes        ; |path_planner|d[8][3]      ;
; 5:1                ; 28 bits   ; 84 LEs        ; 28 LEs               ; 56 LEs                 ; Yes        ; |path_planner|d[9][28]     ;
; 5:1                ; 4 bits    ; 12 LEs        ; 4 LEs                ; 8 LEs                  ; Yes        ; |path_planner|d[9][0]      ;
; 5:1                ; 28 bits   ; 84 LEs        ; 28 LEs               ; 56 LEs                 ; Yes        ; |path_planner|d[10][17]    ;
; 5:1                ; 4 bits    ; 12 LEs        ; 4 LEs                ; 8 LEs                  ; Yes        ; |path_planner|d[10][3]     ;
; 5:1                ; 28 bits   ; 84 LEs        ; 28 LEs               ; 56 LEs                 ; Yes        ; |path_planner|d[11][17]    ;
; 5:1                ; 4 bits    ; 12 LEs        ; 4 LEs                ; 8 LEs                  ; Yes        ; |path_planner|d[11][4]     ;
; 5:1                ; 28 bits   ; 84 LEs        ; 28 LEs               ; 56 LEs                 ; Yes        ; |path_planner|d[12][26]    ;
; 5:1                ; 4 bits    ; 12 LEs        ; 4 LEs                ; 8 LEs                  ; Yes        ; |path_planner|d[12][1]     ;
; 5:1                ; 28 bits   ; 84 LEs        ; 28 LEs               ; 56 LEs                 ; Yes        ; |path_planner|d[13][2]     ;
; 5:1                ; 4 bits    ; 12 LEs        ; 4 LEs                ; 8 LEs                  ; Yes        ; |path_planner|d[13][4]     ;
; 5:1                ; 28 bits   ; 84 LEs        ; 28 LEs               ; 56 LEs                 ; Yes        ; |path_planner|d[14][8]     ;
; 5:1                ; 4 bits    ; 12 LEs        ; 4 LEs                ; 8 LEs                  ; Yes        ; |path_planner|d[14][0]     ;
; 5:1                ; 28 bits   ; 84 LEs        ; 28 LEs               ; 56 LEs                 ; Yes        ; |path_planner|d[15][27]    ;
; 5:1                ; 4 bits    ; 12 LEs        ; 4 LEs                ; 8 LEs                  ; Yes        ; |path_planner|d[15][4]     ;
; 5:1                ; 28 bits   ; 84 LEs        ; 28 LEs               ; 56 LEs                 ; Yes        ; |path_planner|d[16][27]    ;
; 5:1                ; 4 bits    ; 12 LEs        ; 4 LEs                ; 8 LEs                  ; Yes        ; |path_planner|d[16][4]     ;
; 5:1                ; 28 bits   ; 84 LEs        ; 28 LEs               ; 56 LEs                 ; Yes        ; |path_planner|d[17][21]    ;
; 5:1                ; 4 bits    ; 12 LEs        ; 4 LEs                ; 8 LEs                  ; Yes        ; |path_planner|d[17][0]     ;
; 5:1                ; 28 bits   ; 84 LEs        ; 28 LEs               ; 56 LEs                 ; Yes        ; |path_planner|d[18][5]     ;
; 5:1                ; 4 bits    ; 12 LEs        ; 4 LEs                ; 8 LEs                  ; Yes        ; |path_planner|d[18][1]     ;
; 5:1                ; 28 bits   ; 84 LEs        ; 28 LEs               ; 56 LEs                 ; Yes        ; |path_planner|d[19][28]    ;
; 5:1                ; 4 bits    ; 12 LEs        ; 4 LEs                ; 8 LEs                  ; Yes        ; |path_planner|d[19][4]     ;
; 5:1                ; 28 bits   ; 84 LEs        ; 28 LEs               ; 56 LEs                 ; Yes        ; |path_planner|d[20][21]    ;
; 5:1                ; 4 bits    ; 12 LEs        ; 4 LEs                ; 8 LEs                  ; Yes        ; |path_planner|d[20][4]     ;
; 5:1                ; 28 bits   ; 84 LEs        ; 28 LEs               ; 56 LEs                 ; Yes        ; |path_planner|d[21][30]    ;
; 5:1                ; 4 bits    ; 12 LEs        ; 4 LEs                ; 8 LEs                  ; Yes        ; |path_planner|d[21][3]     ;
; 5:1                ; 28 bits   ; 84 LEs        ; 28 LEs               ; 56 LEs                 ; Yes        ; |path_planner|d[22][17]    ;
; 5:1                ; 4 bits    ; 12 LEs        ; 4 LEs                ; 8 LEs                  ; Yes        ; |path_planner|d[22][4]     ;
; 5:1                ; 28 bits   ; 84 LEs        ; 28 LEs               ; 56 LEs                 ; Yes        ; |path_planner|d[23][31]    ;
; 5:1                ; 4 bits    ; 12 LEs        ; 4 LEs                ; 8 LEs                  ; Yes        ; |path_planner|d[23][4]     ;
; 5:1                ; 28 bits   ; 84 LEs        ; 28 LEs               ; 56 LEs                 ; Yes        ; |path_planner|d[24][20]    ;
; 5:1                ; 4 bits    ; 12 LEs        ; 4 LEs                ; 8 LEs                  ; Yes        ; |path_planner|d[24][3]     ;
; 5:1                ; 28 bits   ; 84 LEs        ; 28 LEs               ; 56 LEs                 ; Yes        ; |path_planner|d[25][14]    ;
; 5:1                ; 4 bits    ; 12 LEs        ; 4 LEs                ; 8 LEs                  ; Yes        ; |path_planner|d[25][4]     ;
; 5:1                ; 29 bits   ; 87 LEs        ; 29 LEs               ; 58 LEs                 ; Yes        ; |path_planner|mn[15]       ;
; 6:1                ; 2 bits    ; 8 LEs         ; 2 LEs                ; 6 LEs                  ; Yes        ; |path_planner|ostate[10]   ;
; 6:1                ; 27 bits   ; 108 LEs       ; 54 LEs               ; 54 LEs                 ; Yes        ; |path_planner|en[10]       ;
; 24:1               ; 2 bits    ; 32 LEs        ; 12 LEs               ; 20 LEs                 ; Yes        ; |path_planner|state[2]     ;
; 5:1                ; 3 bits    ; 9 LEs         ; 3 LEs                ; 6 LEs                  ; Yes        ; |path_planner|mn[6]        ;
; 26:1               ; 32 bits   ; 544 LEs       ; 544 LEs              ; 0 LEs                  ; No         ; |path_planner|Mux17        ;
; 26:1               ; 32 bits   ; 544 LEs       ; 544 LEs              ; 0 LEs                  ; No         ; |path_planner|Mux44        ;
; 26:1               ; 32 bits   ; 544 LEs       ; 544 LEs              ; 0 LEs                  ; No         ; |path_planner|Mux102       ;
; 6:1                ; 5 bits    ; 20 LEs        ; 10 LEs               ; 10 LEs                 ; No         ; |path_planner|Selector1016 ;
+--------------------+-----------+---------------+----------------------+------------------------+------------+----------------------------+


+-------------------------------------------------------------------------------+
; Source assignments for altsyncram:parent_rtl_0|altsyncram_ksg1:auto_generated ;
+---------------------------------+--------------------+------+-----------------+
; Assignment                      ; Value              ; From ; To              ;
+---------------------------------+--------------------+------+-----------------+
; OPTIMIZE_POWER_DURING_SYNTHESIS ; NORMAL_COMPILATION ; -    ; -               ;
+---------------------------------+--------------------+------+-----------------+


+------------------------------------------------------------------------------+
; Parameter Settings for User Entity Instance: Top-level Entity: |path_planner ;
+----------------+-------+-----------------------------------------------------+
; Parameter Name ; Value ; Type                                                ;
+----------------+-------+-----------------------------------------------------+
; node_count     ; 27    ; Signed Integer                                      ;
; max_edges      ; 4     ; Signed Integer                                      ;
+----------------+-------+-----------------------------------------------------+
Note: In order to hide this table in the UI and the text report file, please set the "Show Parameter Settings in Synthesis Report" option in "Analysis and Synthesis Settings -> More Settings" to "Off".


+----------------------------------------------------------------------------+
; Parameter Settings for Inferred Entity Instance: altsyncram:parent_rtl_0   ;
+------------------------------------+----------------------+----------------+
; Parameter Name                     ; Value                ; Type           ;
+------------------------------------+----------------------+----------------+
; BYTE_SIZE_BLOCK                    ; 8                    ; Untyped        ;
; AUTO_CARRY_CHAINS                  ; ON                   ; AUTO_CARRY     ;
; IGNORE_CARRY_BUFFERS               ; OFF                  ; IGNORE_CARRY   ;
; AUTO_CASCADE_CHAINS                ; ON                   ; AUTO_CASCADE   ;
; IGNORE_CASCADE_BUFFERS             ; OFF                  ; IGNORE_CASCADE ;
; WIDTH_BYTEENA                      ; 1                    ; Untyped        ;
; OPERATION_MODE                     ; DUAL_PORT            ; Untyped        ;
; WIDTH_A                            ; 32                   ; Untyped        ;
; WIDTHAD_A                          ; 5                    ; Untyped        ;
; NUMWORDS_A                         ; 26                   ; Untyped        ;
; OUTDATA_REG_A                      ; UNREGISTERED         ; Untyped        ;
; ADDRESS_ACLR_A                     ; NONE                 ; Untyped        ;
; OUTDATA_ACLR_A                     ; NONE                 ; Untyped        ;
; WRCONTROL_ACLR_A                   ; NONE                 ; Untyped        ;
; INDATA_ACLR_A                      ; NONE                 ; Untyped        ;
; BYTEENA_ACLR_A                     ; NONE                 ; Untyped        ;
; WIDTH_B                            ; 32                   ; Untyped        ;
; WIDTHAD_B                          ; 5                    ; Untyped        ;
; NUMWORDS_B                         ; 26                   ; Untyped        ;
; INDATA_REG_B                       ; CLOCK1               ; Untyped        ;
; WRCONTROL_WRADDRESS_REG_B          ; CLOCK1               ; Untyped        ;
; RDCONTROL_REG_B                    ; CLOCK1               ; Untyped        ;
; ADDRESS_REG_B                      ; CLOCK0               ; Untyped        ;
; OUTDATA_REG_B                      ; UNREGISTERED         ; Untyped        ;
; BYTEENA_REG_B                      ; CLOCK1               ; Untyped        ;
; INDATA_ACLR_B                      ; NONE                 ; Untyped        ;
; WRCONTROL_ACLR_B                   ; NONE                 ; Untyped        ;
; ADDRESS_ACLR_B                     ; NONE                 ; Untyped        ;
; OUTDATA_ACLR_B                     ; NONE                 ; Untyped        ;
; RDCONTROL_ACLR_B                   ; NONE                 ; Untyped        ;
; BYTEENA_ACLR_B                     ; NONE                 ; Untyped        ;
; WIDTH_BYTEENA_A                    ; 1                    ; Untyped        ;
; WIDTH_BYTEENA_B                    ; 1                    ; Untyped        ;
; RAM_BLOCK_TYPE                     ; AUTO                 ; Untyped        ;
; BYTE_SIZE                          ; 8                    ; Untyped        ;
; READ_DURING_WRITE_MODE_MIXED_PORTS ; OLD_DATA             ; Untyped        ;
; READ_DURING_WRITE_MODE_PORT_A      ; NEW_DATA_NO_NBE_READ ; Untyped        ;
; READ_DURING_WRITE_MODE_PORT_B      ; NEW_DATA_NO_NBE_READ ; Untyped        ;
; INIT_FILE                          ; UNUSED               ; Untyped        ;
; INIT_FILE_LAYOUT                   ; PORT_A               ; Untyped        ;
; MAXIMUM_DEPTH                      ; 0                    ; Untyped        ;
; CLOCK_ENABLE_INPUT_A               ; NORMAL               ; Untyped        ;
; CLOCK_ENABLE_INPUT_B               ; NORMAL               ; Untyped        ;
; CLOCK_ENABLE_OUTPUT_A              ; NORMAL               ; Untyped        ;
; CLOCK_ENABLE_OUTPUT_B              ; NORMAL               ; Untyped        ;
; CLOCK_ENABLE_CORE_A                ; USE_INPUT_CLKEN      ; Untyped        ;
; CLOCK_ENABLE_CORE_B                ; USE_INPUT_CLKEN      ; Untyped        ;
; ENABLE_ECC                         ; FALSE                ; Untyped        ;
; ECC_PIPELINE_STAGE_ENABLED         ; FALSE                ; Untyped        ;
; WIDTH_ECCSTATUS                    ; 3                    ; Untyped        ;
; DEVICE_FAMILY                      ; Cyclone IV E         ; Untyped        ;
; CBXI_PARAMETER                     ; altsyncram_ksg1      ; Untyped        ;
+------------------------------------+----------------------+----------------+
Note: In order to hide this table in the UI and the text report file, please set the "Show Parameter Settings in Synthesis Report" option in "Analysis and Synthesis Settings -> More Settings" to "Off".


+---------------------------------------------------------------------+
; altsyncram Parameter Settings by Entity Instance                    ;
+-------------------------------------------+-------------------------+
; Name                                      ; Value                   ;
+-------------------------------------------+-------------------------+
; Number of entity instances                ; 1                       ;
; Entity Instance                           ; altsyncram:parent_rtl_0 ;
;     -- OPERATION_MODE                     ; DUAL_PORT               ;
;     -- WIDTH_A                            ; 32                      ;
;     -- NUMWORDS_A                         ; 26                      ;
;     -- OUTDATA_REG_A                      ; UNREGISTERED            ;
;     -- WIDTH_B                            ; 32                      ;
;     -- NUMWORDS_B                         ; 26                      ;
;     -- ADDRESS_REG_B                      ; CLOCK0                  ;
;     -- OUTDATA_REG_B                      ; UNREGISTERED            ;
;     -- RAM_BLOCK_TYPE                     ; AUTO                    ;
;     -- READ_DURING_WRITE_MODE_MIXED_PORTS ; OLD_DATA                ;
+-------------------------------------------+-------------------------+


+-----------------------------------------------------+
; Post-Synthesis Netlist Statistics for Top Partition ;
+-----------------------+-----------------------------+
; Type                  ; Count                       ;
+-----------------------+-----------------------------+
; boundary_port         ; 63                          ;
; cycloneiii_ff         ; 1269                        ;
;     ENA               ; 1125                        ;
;     ENA SCLR          ; 59                          ;
;     plain             ; 85                          ;
; cycloneiii_lcell_comb ; 2552                        ;
;     arith             ; 275                         ;
;         2 data inputs ; 58                          ;
;         3 data inputs ; 217                         ;
;     normal            ; 2277                        ;
;         1 data inputs ; 8                           ;
;         2 data inputs ; 34                          ;
;         3 data inputs ; 208                         ;
;         4 data inputs ; 2027                        ;
; cycloneiii_ram_block  ; 32                          ;
;                       ;                             ;
; Max LUT depth         ; 14.10                       ;
; Average LUT depth     ; 9.10                        ;
+-----------------------+-----------------------------+


+-------------------------------+
; Elapsed Time Per Partition    ;
+----------------+--------------+
; Partition Name ; Elapsed Time ;
+----------------+--------------+
; Top            ; 00:00:05     ;
+----------------+--------------+


+-------------------------------+
; Analysis & Synthesis Messages ;
+-------------------------------+
Info: *******************************************************************
Info: Running Quartus Prime Analysis & Synthesis
    Info: Version 19.1.0 Build 670 09/22/2019 SJ Lite Edition
    Info: Processing started: Tue Nov 15 03:20:14 2022
Info: Command: quartus_map --read_settings_files=on --write_settings_files=off path_planner -c path_planner
Warning (18236): Number of processors has not been specified which may cause overloading on shared machines.  Set the global assignment NUM_PARALLEL_PROCESSORS in your QSF to an appropriate value for best performance.
Info (20030): Parallel compilation is enabled and will use 4 of the 4 processors detected
Info (12021): Found 1 design units, including 1 entities, in source file path_planner.v
    Info (12023): Found entity 1: path_planner File: E:/submission/path_planner/path_planner.v Line: 32
Info (12127): Elaborating entity "path_planner" for the top level hierarchy
Warning (10230): Verilog HDL assignment warning at path_planner.v(62): truncated value with size 32 to match size of target (5) File: E:/submission/path_planner/path_planner.v Line: 62
Warning (10230): Verilog HDL assignment warning at path_planner.v(63): truncated value with size 32 to match size of target (5) File: E:/submission/path_planner/path_planner.v Line: 63
Warning (10230): Verilog HDL assignment warning at path_planner.v(64): truncated value with size 32 to match size of target (5) File: E:/submission/path_planner/path_planner.v Line: 64
Warning (10230): Verilog HDL assignment warning at path_planner.v(65): truncated value with size 32 to match size of target (5) File: E:/submission/path_planner/path_planner.v Line: 65
Warning (10230): Verilog HDL assignment warning at path_planner.v(66): truncated value with size 32 to match size of target (5) File: E:/submission/path_planner/path_planner.v Line: 66
Warning (10230): Verilog HDL assignment warning at path_planner.v(67): truncated value with size 32 to match size of target (5) File: E:/submission/path_planner/path_planner.v Line: 67
Warning (10230): Verilog HDL assignment warning at path_planner.v(68): truncated value with size 32 to match size of target (5) File: E:/submission/path_planner/path_planner.v Line: 68
Warning (10230): Verilog HDL assignment warning at path_planner.v(69): truncated value with size 32 to match size of target (5) File: E:/submission/path_planner/path_planner.v Line: 69
Warning (10230): Verilog HDL assignment warning at path_planner.v(70): truncated value with size 32 to match size of target (5) File: E:/submission/path_planner/path_planner.v Line: 70
Warning (10230): Verilog HDL assignment warning at path_planner.v(71): truncated value with size 32 to match size of target (5) File: E:/submission/path_planner/path_planner.v Line: 71
Warning (10762): Verilog HDL Case Statement warning at path_planner.v(119): can't check case statement for completeness because the case expression has too many possible states File: E:/submission/path_planner/path_planner.v Line: 119
Warning (10230): Verilog HDL assignment warning at path_planner.v(227): truncated value with size 32 to match size of target (5) File: E:/submission/path_planner/path_planner.v Line: 227
Warning (10230): Verilog HDL assignment warning at path_planner.v(228): truncated value with size 32 to match size of target (5) File: E:/submission/path_planner/path_planner.v Line: 228
Warning (10230): Verilog HDL assignment warning at path_planner.v(229): truncated value with size 32 to match size of target (5) File: E:/submission/path_planner/path_planner.v Line: 229
Warning (10230): Verilog HDL assignment warning at path_planner.v(230): truncated value with size 32 to match size of target (5) File: E:/submission/path_planner/path_planner.v Line: 230
Warning (10230): Verilog HDL assignment warning at path_planner.v(231): truncated value with size 32 to match size of target (5) File: E:/submission/path_planner/path_planner.v Line: 231
Warning (10230): Verilog HDL assignment warning at path_planner.v(232): truncated value with size 32 to match size of target (5) File: E:/submission/path_planner/path_planner.v Line: 232
Warning (10230): Verilog HDL assignment warning at path_planner.v(233): truncated value with size 32 to match size of target (5) File: E:/submission/path_planner/path_planner.v Line: 233
Warning (10230): Verilog HDL assignment warning at path_planner.v(234): truncated value with size 32 to match size of target (5) File: E:/submission/path_planner/path_planner.v Line: 234
Warning (10230): Verilog HDL assignment warning at path_planner.v(235): truncated value with size 32 to match size of target (5) File: E:/submission/path_planner/path_planner.v Line: 235
Warning (10230): Verilog HDL assignment warning at path_planner.v(236): truncated value with size 32 to match size of target (5) File: E:/submission/path_planner/path_planner.v Line: 236
Warning (10762): Verilog HDL Case Statement warning at path_planner.v(102): can't check case statement for completeness because the case expression has too many possible states File: E:/submission/path_planner/path_planner.v Line: 102
Info (10008): Verilog HDL or VHDL information: EDA Netlist Writer cannot regroup multidimensional array "graph" into its bus
Warning (276020): Inferred RAM node "parent_rtl_0" from synchronous design logic.  Pass-through logic has been added to match the read-during-write behavior of the original design.
Info (276014): Found 1 instances of uninferred RAM logic
    Info (276004): RAM logic "vis" is uninferred due to inappropriate RAM size File: E:/submission/path_planner/path_planner.v Line: 45
Info (19000): Inferred 1 megafunctions from design logic
    Info (276029): Inferred altsyncram megafunction from the following design logic: "parent_rtl_0" 
        Info (286033): Parameter OPERATION_MODE set to DUAL_PORT
        Info (286033): Parameter WIDTH_A set to 32
        Info (286033): Parameter WIDTHAD_A set to 5
        Info (286033): Parameter NUMWORDS_A set to 26
        Info (286033): Parameter WIDTH_B set to 32
        Info (286033): Parameter WIDTHAD_B set to 5
        Info (286033): Parameter NUMWORDS_B set to 26
        Info (286033): Parameter ADDRESS_ACLR_A set to NONE
        Info (286033): Parameter OUTDATA_REG_B set to UNREGISTERED
        Info (286033): Parameter ADDRESS_ACLR_B set to NONE
        Info (286033): Parameter OUTDATA_ACLR_B set to NONE
        Info (286033): Parameter ADDRESS_REG_B set to CLOCK0
        Info (286033): Parameter INDATA_ACLR_A set to NONE
        Info (286033): Parameter WRCONTROL_ACLR_A set to NONE
        Info (286033): Parameter READ_DURING_WRITE_MODE_MIXED_PORTS set to OLD_DATA
Info (12130): Elaborated megafunction instantiation "altsyncram:parent_rtl_0"
Info (12133): Instantiated megafunction "altsyncram:parent_rtl_0" with the following parameter:
    Info (12134): Parameter "OPERATION_MODE" = "DUAL_PORT"
    Info (12134): Parameter "WIDTH_A" = "32"
    Info (12134): Parameter "WIDTHAD_A" = "5"
    Info (12134): Parameter "NUMWORDS_A" = "26"
    Info (12134): Parameter "WIDTH_B" = "32"
    Info (12134): Parameter "WIDTHAD_B" = "5"
    Info (12134): Parameter "NUMWORDS_B" = "26"
    Info (12134): Parameter "ADDRESS_ACLR_A" = "NONE"
    Info (12134): Parameter "OUTDATA_REG_B" = "UNREGISTERED"
    Info (12134): Parameter "ADDRESS_ACLR_B" = "NONE"
    Info (12134): Parameter "OUTDATA_ACLR_B" = "NONE"
    Info (12134): Parameter "ADDRESS_REG_B" = "CLOCK0"
    Info (12134): Parameter "INDATA_ACLR_A" = "NONE"
    Info (12134): Parameter "WRCONTROL_ACLR_A" = "NONE"
    Info (12134): Parameter "READ_DURING_WRITE_MODE_MIXED_PORTS" = "OLD_DATA"
Info (12021): Found 1 design units, including 1 entities, in source file db/altsyncram_ksg1.tdf
    Info (12023): Found entity 1: altsyncram_ksg1 File: E:/submission/path_planner/db/altsyncram_ksg1.tdf Line: 28
Info (286030): Timing-Driven Synthesis is running
Info (16010): Generating hard_block partition "hard_block:auto_generated_inst"
    Info (16011): Adding 0 node(s), including 0 DDIO, 0 PLL, 0 transceiver and 0 LCELL
Info (21057): Implemented 3663 device resources after synthesis - the final resource count might be different
    Info (21058): Implemented 12 input pins
    Info (21059): Implemented 51 output pins
    Info (21061): Implemented 3568 logic cells
    Info (21064): Implemented 32 RAM segments
Info: Quartus Prime Analysis & Synthesis was successful. 0 errors, 24 warnings
    Info: Peak virtual memory: 4787 megabytes
    Info: Processing ended: Tue Nov 15 03:20:29 2022
    Info: Elapsed time: 00:00:15
    Info: Total CPU time (on all processors): 00:00:29


